c:\users\administrator\source\repos\yschroniclestools\yschroniclestools\exetranslatedll\release\vc142.pdb
c:\users\administrator\source\repos\yschroniclestools\yschroniclestools\exetranslatedll\release\utilities.obj
c:\users\administrator\source\repos\yschroniclestools\yschroniclestools\exetranslatedll\release\stringpatcher.obj
c:\users\administrator\source\repos\yschroniclestools\yschroniclestools\exetranslatedll\release\patch.obj
c:\users\administrator\source\repos\yschroniclestools\yschroniclestools\exetranslatedll\release\disassembler.obj
c:\users\administrator\source\repos\yschroniclestools\yschroniclestools\exetranslatedll\release\dinput8.obj
c:\users\administrator\source\repos\yschroniclestools\yschroniclestools\exetranslatedll\release\console.obj
c:\users\administrator\source\repos\yschroniclestools\release\dinput8.lib
c:\users\administrator\source\repos\yschroniclestools\release\dinput8.exp
c:\users\administrator\source\repos\yschroniclestools\release\dinput8.dll
c:\users\administrator\source\repos\yschroniclestools\yschroniclestools\exetranslatedll\release\dinput8.ipdb
c:\users\administrator\source\repos\yschroniclestools\yschroniclestools\exetranslatedll\release\dinput8.iobj
c:\users\administrator\source\repos\yschroniclestools\release\dinput8.pdb
c:\users\administrator\source\repos\yschroniclestools\yschroniclestools\exetranslatedll\release\exetranslatedll.tlog\cl.command.1.tlog
c:\users\administrator\source\repos\yschroniclestools\yschroniclestools\exetranslatedll\release\exetranslatedll.tlog\cl.read.1.tlog
c:\users\administrator\source\repos\yschroniclestools\yschroniclestools\exetranslatedll\release\exetranslatedll.tlog\cl.write.1.tlog
c:\users\administrator\source\repos\yschroniclestools\yschroniclestools\exetranslatedll\release\exetranslatedll.tlog\exetranslatedll.write.1u.tlog
c:\users\administrator\source\repos\yschroniclestools\yschroniclestools\exetranslatedll\release\exetranslatedll.tlog\link.command.1.tlog
c:\users\administrator\source\repos\yschroniclestools\yschroniclestools\exetranslatedll\release\exetranslatedll.tlog\link.read.1.tlog
c:\users\administrator\source\repos\yschroniclestools\yschroniclestools\exetranslatedll\release\exetranslatedll.tlog\link.write.1.tlog
